505.7698767324790 0.0031415874859 0.9999950652019 0.0031416029891 
501.6459194094230 0.0062831439656 0.9999802608561 0.0062832679919 
501.1882332064540 0.0094246384331 0.9999555871090 0.0094250570272 
495.4082465424370 0.0125660398834 0.9999210442038 0.0125670321234 
502.5288429486640 0.0157073173118 0.9998766324817 0.0157092553237 
503.4464665203650 0.0188484397154 0.9998223523808 0.0188517886908 
498.0291975441260 0.0219893760925 0.9997582044370 0.0219946943120 
499.0380058616700 0.0251300954433 0.9996841892833 0.0251380343040 
504.0485968905820 0.0282705667703 0.9996003076503 0.0282818708177 
497.5083639247210 0.0314107590781 0.9995065603657 0.0314262660434 
496.5301006076850 0.0345506413745 0.9994029483550 0.0345712822154 
504.8095410322280 0.0376901826699 0.9992894726406 0.0377169816173 
502.9861750098160 0.0408293519785 0.9991661343425 0.0408634265866 
501.6397570159550 0.0439681183179 0.9990329346781 0.0440106795198 
500.9120626704490 0.0471064507096 0.9988898749620 0.0471588028775 
498.5464035480880 0.0502443181798 0.9987369566060 0.0503078591890 
503.7019933658460 0.0533816897588 0.9985741811195 0.0534579110577 
503.6721998788350 0.0565185344820 0.9984015501090 0.0566090211657 
499.9645062982500 0.0596548213902 0.9982190652782 0.0597612522794 
503.9831090124190 0.0627905195293 0.9980267284283 0.0629146672536 
499.5385580400790 0.0659255979514 0.9978245414574 0.0660693290376 
500.8634086397580 0.0690600257144 0.9976125063612 0.0692253006794 
497.2376789855200 0.0721937718829 0.9973906252323 0.0723826453312 
498.1100628773730 0.0753268055279 0.9971589002606 0.0755414262544 
498.6769605047350 0.0784590957278 0.9969173337331 0.0787017068246 
495.7619455079960 0.0815906115682 0.9966659280340 0.0818635505370 
501.2528081209980 0.0847213221421 0.9964046856446 0.0850270210113 
505.1090516809060 0.0878511965507 0.9961336091432 0.0881921819969 
501.7627701905070 0.0909802039036 0.9958527012052 0.0913590973780 
501.2555395884150 0.0941083133185 0.9955619646031 0.0945278311793 
497.9404088056030 0.0972354939224 0.9952614022063 0.0976984475705 
495.2665440548410 0.1003617148512 0.9949510169813 0.1008710108722 
497.4878221444170 0.1034869452504 0.9946308119914 0.1040455855608 
504.6332887174130 0.1066111542753 0.9943007903970 0.1072222362739 
495.3773602043210 0.1097343110910 0.9939609554552 0.1104010278158 
499.2813245366970 0.1128563848735 0.9936113105200 0.1135820251628 
499.3555291272500 0.1159773448090 0.9932518590423 0.1167652934682 
501.7854369624620 0.1190971600949 0.9928826045698 0.1199508980686 
495.5249576034160 0.1222157999399 0.9925035507468 0.1231389044885 
498.7438308730970 0.1253332335643 0.9921147013145 0.1263293784461 
499.8122704130300 0.1284494302003 0.9917160601106 0.1295223858591 
502.5214493164050 0.1315643590923 0.9913076310695 0.1327179928498 
504.9287064025550 0.1346779894972 0.9908894182223 0.1359162657512 
500.2775682273690 0.1377902906846 0.9904614256967 0.1391172711120 
497.5358097128700 0.1409012319376 0.9900236577166 0.1423210757029 
502.0739023510320 0.1440107825523 0.9895761186027 0.1455277465220 
498.7325676495410 0.1471189118386 0.9891188127720 0.1487373508005 
501.5964695543840 0.1502255891208 0.9886517447379 0.1519499560086 
505.3410290419140 0.1533307837370 0.9881749191103 0.1551656298614 
501.6950702981320 0.1564344650402 0.9876883405951 0.1583844403245 
501.8339966868180 0.1595366023985 0.9871920139948 0.1616064556204 
494.8244166508250 0.1626371651949 0.9866859442079 0.1648317442339 
495.1630633830530 0.1657361228281 0.9861701362290 0.1680603749185 
500.3427029485280 0.1688334447127 0.9856445951490 0.1712924167024 
498.3132923258450 0.1719291002794 0.9851093261548 0.1745279388944 
500.1949749391790 0.1750230589753 0.9845643345292 0.1777670110902 
504.1858570677830 0.1781152902642 0.9840096256511 0.1810097031788 
494.1634951853300 0.1812057636271 0.9834452049953 0.1842560853484 
501.2591567038960 0.1842944485623 0.9828710781324 0.1875062280930 
498.6334224733560 0.1873813145857 0.9822872507287 0.1907602022186 
505.4826301537640 0.1904663312312 0.9816937285464 0.1940180788495 
498.8942358839450 0.1935494680509 0.9810905174433 0.1972799294353 
500.5285736722710 0.1966306946154 0.9804776233729 0.2005458257568 
495.2239886489360 0.1997099805144 0.9798550523842 0.2038158399331 
502.1434411225300 0.2027872953565 0.9792228106218 0.2070900444279 
502.1155333533660 0.2058626087699 0.9785809043255 0.2103685120565 
500.8344327169510 0.2089358904024 0.9779293398307 0.2136513159924 
505.4572700399600 0.2120071099221 0.9772681235682 0.2169385297742 
497.7280432509170 0.2150762370171 0.9765972620638 0.2202302273125 
496.5581028293660 0.2181432413965 0.9759167619387 0.2235264828971 
501.9321925087530 0.2212080927902 0.9752266299092 0.2268273712038 
503.1467827469840 0.2242707609494 0.9745268727866 0.2301329673015 
501.0174786515700 0.2273312156466 0.9738174974771 0.2334433466595 
499.1108336359430 0.2303894266766 0.9730985109821 0.2367585851550 
505.1318265792530 0.2334453638559 0.9723699203977 0.2400787590801 
504.2281236145760 0.2364989970237 0.9716317329147 0.2434039451493 
505.7036180030600 0.2395502960419 0.9708839558187 0.2467342205072 
500.3289884823090 0.2425992307954 0.9701265964901 0.2500696627359 
495.6493104753290 0.2456457711924 0.9693596624036 0.2534103498626 
494.0442545700290 0.2486898871649 0.9685831611286 0.2567563603677 
500.0992236243330 0.2517315486685 0.9677971003289 0.2601077731923 
497.3951637676350 0.2547707256834 0.9670014877624 0.2634646677462 
498.3086771168880 0.2578073882141 0.9661963312817 0.2668271239160 
504.7626366988710 0.2608415062899 0.9653816388333 0.2701952220731 
499.3983615240180 0.2638730499654 0.9645574184578 0.2735690430822 
496.6876887662540 0.2669019893204 0.9637236782900 0.2769486683091 
500.4923172786300 0.2699282944605 0.9628804265586 0.2803341796294 
503.5670286181600 0.2729519355173 0.9620276715861 0.2837256594369 
505.8817958645270 0.2759728826487 0.9611654217889 0.2871231906524 
498.2838003883200 0.2789911060392 0.9602936856769 0.2905268567319 
499.2889946261210 0.2820065759001 0.9594124718540 0.2939367416760 
500.2288183626760 0.2850192624700 0.9585217890174 0.2973529300384 
497.9479556344120 0.2880291360148 0.9576216459576 0.3007755069349 
500.8691014620740 0.2910361668283 0.9567120515588 0.3042045580528 
499.1928939684680 0.2940403252323 0.9557930147983 0.3076401696599 
497.2865884778440 0.2970415815770 0.9548645447466 0.3110824286138 
495.1214197399640 0.3000399062413 0.9539266505674 0.3145314223717 
494.9267841200630 0.3030352696328 0.9529793415172 0.3179872389997 
501.1513910571030 0.3060276421885 0.9520226269457 0.3214499671823 
496.7511883699770 0.3090169943749 0.9510565162952 0.3249196962329 
495.6954154393630 0.3120032966884 0.9500810191008 0.3283965161031 
495.4815844947040 0.3149865196553 0.9490961449903 0.3318805173932 
504.7735594393590 0.3179666338324 0.9481019036840 0.3353717913622 
497.4605917551180 0.3209436098072 0.9470983049947 0.3388704299381 
505.8845560300190 0.3239174181981 0.9460853588275 0.3423765257287 
501.5068250402770 0.3268880296549 0.9450630751798 0.3458901720319 
500.2575700143340 0.3298554148589 0.9440314641411 0.3494114628467 
497.4677934914560 0.3328195445230 0.9429905358929 0.3529404928840 
500.9975055635130 0.3357803893926 0.9419403007088 0.3564773575777 
494.1812859637200 0.3387379202453 0.9408807689542 0.3600221530958 
495.0339652866560 0.3416921078915 0.9398119510863 0.3635749763519 
502.4332473290410 0.3446429231745 0.9387338576539 0.3671359250170 
502.9526967598800 0.3475903369710 0.9376464992972 0.3707050975304 
496.1468883389230 0.3505343201913 0.9365498867482 0.3742825931124 
501.2597278790140 0.3534748437793 0.9354440308299 0.3778685117758 
500.7938426359270 0.3564118787133 0.9343289424566 0.3814629543383 
503.4973483573400 0.3593453960059 0.9332046326339 0.3850660224346 
500.3921839827640 0.3622753667045 0.9320711124582 0.3886778185294 
501.3770729580050 0.3652017618916 0.9309283931169 0.3922984459297 
502.5117141331520 0.3681245526847 0.9297764858883 0.3959280087977 
502.8959919840680 0.3710437102371 0.9286154021410 0.3995666121643 
497.3758095543030 0.3739592057378 0.9274451533347 0.4032143619417 
496.6685454352390 0.3768710104122 0.9262657510191 0.4068713649377 
505.7685517688230 0.3797790955218 0.9250772068345 0.4105377288685 
502.9076192353990 0.3826834323651 0.9238795325113 0.4142135623731 
503.5311737546760 0.3855839922774 0.9226727398701 0.4178989750273 
502.5874283936610 0.3884807466314 0.9214568408215 0.4215940773580 
495.7305511021420 0.3913736668372 0.9202318473659 0.4252989808574 
497.9571360079620 0.3942627243430 0.9189977715934 0.4290137979980 
504.1222710177990 0.3971478906348 0.9177546256840 0.4327386422474 
497.4198871071270 0.4000291372373 0.9165024219069 0.4364736280838 
500.1524535996650 0.4029064357137 0.9152411726209 0.4402188710107 
497.8584336451110 0.4057797576662 0.9139708902741 0.4439744875731 
500.2765524534050 0.4086490747363 0.9126915874035 0.4477405953734 
498.0465512083460 0.4115143586051 0.9114032766354 0.4515173130870 
497.0086698811170 0.4143755809933 0.9101059706850 0.4553047604790 
498.1203185689750 0.4172327136618 0.9087996823560 0.4591030584211 
494.7546648447790 0.4200857284118 0.9074844245411 0.4629123289077 
500.0908684154970 0.4229345970853 0.9061602102213 0.4667326950739 
501.5851268570410 0.4257792915651 0.9048270524660 0.4705642812123 
501.2925787695690 0.4286197837751 0.9034849644330 0.4744072127909 
499.7450602282830 0.4314560456810 0.9021339593682 0.4782616164712 
496.7273718915690 0.4342880492898 0.9007740506054 0.4821276201262 
495.2969558182100 0.4371157666509 0.8994052515664 0.4860053528592 
505.3105753042690 0.4399391698559 0.8980275757606 0.4898949450225 
495.9706681737840 0.4427582310389 0.8966410367852 0.4937965282365 
502.7094636537220 0.4455729223769 0.8952456483248 0.4977102354093 
499.2938786152910 0.4483832160900 0.8938414241513 0.5016362007565 
496.6568788559970 0.4511890844418 0.8924283781237 0.5055745598212 
496.2904855215050 0.4539904997395 0.8910065241884 0.5095254494944 
499.3884307954000 0.4567874343343 0.8895758763783 0.5134890080360 
501.6234664599560 0.4595798606215 0.8881364488135 0.5174653750957 
496.4573913976590 0.4623677510410 0.8866882557006 0.5214546917346 
501.9973989184660 0.4651510780775 0.8852313113325 0.5254571004468 
505.8260727903220 0.4679298142606 0.8837656300887 0.5294727451820 
498.4829993277740 0.4707039321653 0.8822912264350 0.5335017713678 
495.4228562548840 0.4734734044123 0.8808081149230 0.5375443259327 
503.6306764068700 0.4762382036679 0.8793163101906 0.5416005573293 
496.0767607989520 0.4789983026448 0.8778158269611 0.5456706155584 
494.2770380317510 0.4817536741017 0.8763066800439 0.5497546521928 
501.9553318774300 0.4845042908444 0.8747888843335 0.5538528204020 
497.1942816398380 0.4872501257253 0.8732624548099 0.5579652749773 
505.5294017614330 0.4899911516442 0.8717274065385 0.5620921723569 
496.6605739440180 0.4927273415483 0.8701837546695 0.5662336706520 
505.7855469585670 0.4954586684324 0.8686315144382 0.5703899296733 
495.1467773649170 0.4981851053395 0.8670707011645 0.5745611109572 
498.2031278221440 0.5009066253607 0.8655013302530 0.5787473777935 
494.5734445115210 0.5036232016358 0.8639234171928 0.5829488952530 
494.3434109495450 0.5063348073531 0.8623369775573 0.5871658302157 
498.2085570323020 0.5090414157504 0.8607420270039 0.5913983513995 
504.7316163828050 0.5117430001143 0.8591385812743 0.5956466293893 
500.1179517092790 0.5144395337815 0.8575266561937 0.5999108366671 
494.5758704751000 0.5171309901382 0.8559062676711 0.6041911476419 
503.0598664980360 0.5198173426207 0.8542774316993 0.6084877386808 
499.1097437306680 0.5224985647159 0.8526401643541 0.6128007881399 
505.8825487256320 0.5251746299613 0.8509944817947 0.6171304763971 
501.8304818207830 0.5278455119451 0.8493404002633 0.6214769858839 
502.0822322694150 0.5305111843067 0.8476779360851 0.6258405011187 
500.2395159096630 0.5331716207372 0.8460071056678 0.6302212087407 
499.1385371269680 0.5358267949790 0.8443279255020 0.6346192975441 
505.1462667411000 0.5384766808267 0.8426404121604 0.6390349585134 
498.5282648641280 0.5411212521269 0.8409445822982 0.6434683848585 
504.4731810516850 0.5437604827788 0.8392404526524 0.6479197720513 
498.0643634974280 0.5463943467343 0.8375280400421 0.6523893178630 
497.8197690059630 0.5490228179981 0.8358073613683 0.6568772224013 
504.5128422387130 0.5516458706284 0.8340784336132 0.6613836881488 
497.5286597521230 0.5542634787367 0.8323412738407 0.6659089200024 
503.1995925113130 0.5568756164882 0.8305958991958 0.6704531253132 
505.8893318082410 0.5594822581022 0.8288423269048 0.6750165139267 
498.2079765355700 0.5620833778521 0.8270805742746 0.6795992982245 
497.1951647288580 0.5646789500661 0.8253106586930 0.6842016931665 
505.9268842522700 0.5672689491268 0.8235325976284 0.6888239163336 
496.4253321355870 0.5698533494719 0.8217464086296 0.6934661879719 
494.5284241526250 0.5724321255946 0.8199521093255 0.6981287310371 
502.0552784881160 0.5750052520433 0.8181497174250 0.7028117712404 
495.0292831413270 0.5775727034223 0.8163392507172 0.7075155370942 
504.5020777076670 0.5801344543918 0.8145207270705 0.7122402599604 
498.3939919597520 0.5826904796686 0.8126941644331 0.7169861740979 
499.6157331730890 0.5852407540255 0.8108595808324 0.7217535167122 
497.9462931542570 0.5877852522925 0.8090169943749 0.7265425280054 
500.2650715999630 0.5903239493563 0.8071664232464 0.7313534512276 
498.1243520851320 0.5928568201611 0.8053078857111 0.7361865327291 
499.2370526401690 0.5953838397084 0.8034414001121 0.7410420220134 
503.9418567389810 0.5979049830575 0.8015669848709 0.7459201717918 
494.4786795737330 0.6004202253259 0.7996846584871 0.7508212380388 
497.9634582790900 0.6029295416890 0.7977944395386 0.7557454800484 
500.1757436928490 0.6054329073810 0.7958963466810 0.7606931604922 
505.3745486850850 0.6079302976946 0.7939903986478 0.7656645454780 
501.2485790603290 0.6104216879816 0.7920766142500 0.7706599046099 
497.5757287295710 0.6129070536530 0.7901550123757 0.7756795110496 
494.0329145767600 0.6153863701792 0.7882256119904 0.7807236415792 
502.7099585690040 0.6178596130903 0.7862884321366 0.7857925766648 
505.0968108920210 0.6203267579766 0.7843434919334 0.7908866005217 
500.4382851067560 0.6227877804881 0.7823908105766 0.7960060011814 
505.2548634148110 0.6252426563357 0.7804304073383 0.8011510705588 
503.9790593504830 0.6276913612907 0.7784623015670 0.8063221045222 
495.6800397026570 0.6301338711854 0.7764865126871 0.8115194029639 
501.7781667426820 0.6325701619131 0.7745030601987 0.8167432698727 
502.0570924257680 0.6350002094288 0.7725119636779 0.8219940134074 
496.1442828002090 0.6374239897487 0.7705132427758 0.8272719459725 
502.8924892013300 0.6398414789512 0.7685069172191 0.8325773842954 
499.6995649470070 0.6422526531766 0.7664930068094 0.8379106495049 
496.3443285581680 0.6446574886276 0.7644715314231 0.8432720672116 
495.2568984759060 0.6470559615694 0.7624425110114 0.8486619675903 
495.3054211074970 0.6494480483302 0.7604059656000 0.8540806854635 
505.2751259160390 0.6518337253009 0.7583619152887 0.8595285603876 
500.4260549614220 0.6542129689359 0.7563103802515 0.8650059367403 
500.0972582170100 0.6565857557530 0.7542513807361 0.8705131638104 
505.4251749620830 0.6589520623337 0.7521849370641 0.8760505958890 
495.2996299121740 0.6613118653237 0.7501110696305 0.8816185923632 
499.8038417678770 0.6636651414325 0.7480297989034 0.8872175178120 
496.6492986104060 0.6660118674343 0.7459411454242 0.8928477421037 
501.9027934853810 0.6683520201678 0.7438451298070 0.8985096404962 
498.8016964569530 0.6706855765367 0.7417417727387 0.9042035937390 
494.0361663894810 0.6730125135098 0.7396310949786 0.9099299881777 
497.9534297253730 0.6753328081210 0.7375131173582 0.9156892158612 
499.3772079165260 0.6776464374701 0.7353878607810 0.9214816746505 
503.5402123102980 0.6799533787224 0.7332553462226 0.9273077683310 
503.9767560065250 0.6822536091094 0.7311155947299 0.9331679067268 
495.8924118415410 0.6845471059287 0.7289686274214 0.9390625058175 
500.5940383531340 0.6868338465444 0.7268144654869 0.9449919878580 
499.2875741313770 0.6891138083873 0.7246531301870 0.9509567815011 
501.1014847905070 0.6913869689552 0.7224846428534 0.9569573219227 
502.5300909007470 0.6936533058128 0.7203090248879 0.9629940509502 
496.3517426999230 0.6959127965923 0.7181262977632 0.9690674171938 
494.1500812671950 0.6981654189935 0.7159364830218 0.9751778761806 
504.9129092021580 0.7004111507838 0.7137396022764 0.9813258904927 
500.1952701573240 0.7026499697988 0.7115356772093 0.9875119299073 
505.9208960122100 0.7048818539424 0.7093247295723 0.9937364715416 
501.0801233589220 0.7071067811865 0.7071067811865 1.0000000000000 
505.7764379815110 0.7093247295723 0.7048818539424 1.0063030075254 
499.6242729319520 0.7115356772093 0.7026499697988 1.0126459941541 
498.6319744236300 0.7137396022764 0.7004111507838 1.0190294678743 
500.6913098012530 0.7159364830218 0.6981654189935 1.0254539447886 
503.2787433638220 0.7181262977632 0.6959127965923 1.0319199492805 
502.2350399984510 0.7203090248879 0.6936533058128 1.0384280141848 
497.0283564819970 0.7224846428534 0.6913869689552 1.0449786809623 
497.6024791587110 0.7246531301870 0.6891138083873 1.0515724998790 
497.7003601804000 0.7268144654869 0.6868338465444 1.0582100301895 
496.3403753131830 0.7289686274214 0.6845471059287 1.0648918403248 
505.2116898691950 0.7311155947299 0.6822536091094 1.0716185080857 
505.5288660018630 0.7332553462226 0.6799533787224 1.0783906208398 
496.3708104538240 0.7353878607810 0.6776464374701 1.0852087757245 
501.9691700172020 0.7375131173582 0.6753328081210 1.0920735798549 
497.2982288751670 0.7396310949786 0.6730125135098 1.0989856505363 
501.0387733932630 0.7417417727387 0.6706855765367 1.1059456154834 
502.3708030539750 0.7438451298070 0.6683520201678 1.1129541130440 
505.6965543382120 0.7459411454242 0.6660118674343 1.1200117924292 
505.8145953055700 0.7480297989034 0.6636651414325 1.1271193139493 
500.6357026205890 0.7501110696305 0.6613118653237 1.1342773492554 
502.4998872583630 0.7521849370641 0.6589520623337 1.1414865815887 
495.0017783388730 0.7542513807361 0.6565857557530 1.1487477060345 
497.8345532404770 0.7563103802515 0.6542129689359 1.1560614297844 
498.0027937297750 0.7583619152887 0.6518337253009 1.1634284724048 
505.5852662292270 0.7604059656000 0.6494480483302 1.1708495661125 
497.8545409640130 0.7624425110114 0.6470559615694 1.1783254560581 
503.6995828566360 0.7644715314231 0.6446574886276 1.1858569006164 
496.5883924408720 0.7664930068094 0.6422526531766 1.1934446716853 
500.3052722626470 0.7685069172191 0.6398414789512 1.2010895549923 
501.0162478756860 0.7705132427758 0.6374239897487 1.2087923504096 
504.4633960886070 0.7725119636779 0.6350002094288 1.2165538722779 
494.7514088166020 0.7745030601987 0.6325701619131 1.2243749497389 
499.8989620786300 0.7764865126871 0.6301338711854 1.2322564270770 
499.9928577575480 0.7784623015670 0.6276913612907 1.2401991640705 
502.8232171302300 0.7804304073383 0.6252426563357 1.2482040363531 
495.4036394205490 0.7823908105766 0.6227877804881 1.2562719357843 
500.4061272494520 0.7843434919334 0.6203267579766 1.2644037708318 
498.7823609469860 0.7862884321366 0.6178596130903 1.2726004669635 
499.5561041713330 0.7882256119904 0.6153863701792 1.2808629670510 
494.7003502339600 0.7901550123757 0.6129070536530 1.2891922317851 
502.9479013444650 0.7920766142500 0.6104216879816 1.2975892401022 
498.3467688791710 0.7939903986478 0.6079302976946 1.3060549896243 
504.4002362207470 0.7958963466810 0.6054329073810 1.3145904971105 
499.5007046678380 0.7977944395386 0.6029295416890 1.3231967989222 
504.5366008270150 0.7996846584871 0.6004202253259 1.3318749515026 
502.2656076166050 0.8015669848709 0.5979049830575 1.3406260318686 
500.6931414997390 0.8034414001121 0.5953838397084 1.3494511381191 
503.0243664046000 0.8053078857111 0.5928568201611 1.3583513899568 
495.0103219953360 0.8071664232464 0.5903239493563 1.3673279292269 
494.4064599334060 0.8090169943749 0.5877852522925 1.3763819204712 
502.2286073136560 0.8108595808324 0.5852407540255 1.3855145514986 
499.0395721108080 0.8126941644331 0.5826904796686 1.3947270339741 
499.9511674290790 0.8145207270705 0.5801344543918 1.4040206040242 
494.9609754916830 0.8163392507172 0.5775727034223 1.4133965228623 
494.5387117730360 0.8181497174250 0.5750052520433 1.4228560774319 
496.6569582565670 0.8199521093255 0.5724321255946 1.4324005810711 
497.0320275229070 0.8217464086296 0.5698533494719 1.4420313741967 
500.7281615106080 0.8235325976284 0.5672689491268 1.4517498250101 
495.6098337369290 0.8253106586930 0.5646789500661 1.4615573302253 
502.1399017351140 0.8270805742746 0.5620833778521 1.4714553158200 
502.0484726469320 0.8288423269048 0.5594822581022 1.4814452378102 
495.5375935977610 0.8305958991958 0.5568756164882 1.4915285830502 
496.1572813362870 0.8323412738407 0.5542634787367 1.5017068700571 
500.6590583305560 0.8340784336132 0.5516458706284 1.5119816498635 
497.2770419699670 0.8358073613683 0.5490228179981 1.5223545068961 
494.7277173774290 0.8375280400421 0.5463943467343 1.5328270598844 
496.2812721127180 0.8392404526524 0.5437604827788 1.5434009627982 
496.6721534777080 0.8409445822982 0.5411212521269 1.5540779058166 
504.5846105801270 0.8426404121604 0.5384766808267 1.5648596163288 
500.0853679382280 0.8443279255020 0.5358267949790 1.5757478599687 
504.8428588073350 0.8460071056678 0.5331716207372 1.5867444416830 
502.5023064270790 0.8476779360851 0.5305111843067 1.5978512068371 
499.1440699403610 0.8493404002633 0.5278455119451 1.6090700423568 
500.6854579051400 0.8509944817947 0.5251746299613 1.6204028779102 
500.5994275303760 0.8526401643541 0.5224985647159 1.6318516871288 
497.2142017044670 0.8542774316993 0.5198173426207 1.6434184888722 
498.2456680817190 0.8559062676711 0.5171309901382 1.6551053485355 
494.3268262496770 0.8575266561937 0.5144395337815 1.6669143794028 
496.4166399774140 0.8591385812743 0.5117430001143 1.6788477440479 
497.2931104004080 0.8607420270039 0.5090414157504 1.6909076557850 
499.5530209212610 0.8623369775573 0.5063348073531 1.7030963801702 
495.2282739581800 0.8639234171928 0.5036232016358 1.7154162365571 
494.7037124154060 0.8655013302530 0.5009066253607 1.7278695997079 
496.8324218102860 0.8670707011645 0.4981851053395 1.7404589014632 
505.5364961166900 0.8686315144382 0.4954586684324 1.7531866324722 
497.2410910903790 0.8701837546695 0.4927273415483 1.7660553439863 
500.8930875097040 0.8717274065385 0.4899911516442 1.7790676497184 
498.8208381793480 0.8732624548099 0.4872501257253 1.7922262277715 
505.8915923422940 0.8747888843335 0.4845042908444 1.8055338226394 
505.6963354121290 0.8763066800439 0.4817536741017 1.8189932472811 
497.2185204537320 0.8778158269611 0.4789983026448 1.8326073852753 
505.8464132372620 0.8793163101906 0.4762382036679 1.8463791930554 
494.5087240859940 0.8808081149230 0.4734734044123 1.8603117022302 
497.4338617369340 0.8822912264350 0.4707039321653 1.8744080219943 
500.8002059769040 0.8837656300887 0.4679298142606 1.8886713416311 
495.6109157625580 0.8852313113325 0.4651510780775 1.9031049331139 
495.3680052041250 0.8866882557006 0.4623677510410 1.9177121538088 
500.6129590518600 0.8881364488135 0.4595798606215 1.9324964492842 
496.2518061071330 0.8895758763783 0.4567874343343 1.9474613562318 
503.9500700858290 0.8910065241884 0.4539904997395 1.9626105055052 
503.0112144340290 0.8924283781237 0.4511890844418 1.9779476252794 
504.1825757713590 0.8938414241513 0.4483832160900 1.9934765443401 
499.3224276527930 0.8952456483248 0.4455729223769 2.0092011955061 
494.1955430829190 0.8966410367852 0.4427582310389 2.0251256191925 
503.3066901874050 0.8980275757606 0.4399391698559 2.0412539671217 
499.5625400224090 0.8994052515664 0.4371157666509 2.0575905061887 
503.6048561741600 0.9007740506054 0.4342880492898 2.0741396224889 
499.1666663817370 0.9021339593682 0.4314560456810 2.0909058255155 
494.6641791436460 0.9034849644330 0.4286197837751 2.1078937525363 
499.8378534715360 0.9048270524660 0.4257792915651 2.1251081731572 
496.8087149910340 0.9061602102213 0.4229345970853 2.1425539940837 
505.9617950482250 0.9074844245411 0.4200857284118 2.1602362640883 
494.7433541996850 0.9087996823560 0.4172327136618 2.1781601791962 
503.5847946316430 0.9101059706850 0.4143755809933 2.1963310880999 
497.1933202359320 0.9114032766354 0.4115143586051 2.2147544978134 
504.4360351015130 0.9126915874035 0.4086490747363 2.2334360795809 
500.2338554721180 0.9139708902741 0.4057797576662 2.2523816750512 
495.5728465027410 0.9152411726209 0.4029064357137 2.2715973027330 
496.4877076090540 0.9165024219069 0.4000291372373 2.2910891647458 
499.5233915230770 0.9177546256840 0.3971478906348 2.3108636538824 
498.3630815676290 0.9189977715934 0.3942627243430 2.3309273610001 
505.2589155538160 0.9202318473659 0.3913736668372 2.3512870827578 
504.5111990030660 0.9214568408215 0.3884807466314 2.3719498297193 
497.4974239152440 0.9226727398701 0.3855839922774 2.3929228348420 
497.2999071418290 0.9238795325113 0.3826834323651 2.4142135623731 
497.8552000259530 0.9250772068345 0.3797790955218 2.4358297171766 
501.4897911022860 0.9262657510191 0.3768710104122 2.4577792545149 
497.8870080602250 0.9274451533347 0.3739592057378 2.4800703903113 
505.0272791974350 0.9286154021410 0.3710437102371 2.5027116119223 
496.4256089822820 0.9297764858883 0.3681245526847 2.5257116894473 
500.1318203217390 0.9309283931169 0.3652017618916 2.5490796876092 
505.2772975338670 0.9320711124582 0.3622753667045 2.5728249782392 
500.9929153115670 0.9332046326339 0.3593453960059 2.5969572534014 
494.7450536396730 0.9343289424566 0.3564118787133 2.6214865391968 
505.3570967307350 0.9354440308299 0.3534748437793 2.6464232102866 
500.9061426201720 0.9365498867482 0.3505343201913 2.6717780051813 
504.8676288931070 0.9376464992972 0.3475903369710 2.6975620423400 
504.2441041245620 0.9387338576539 0.3446429231745 2.7237868371333 
497.6875292615350 0.9398119510863 0.3416921078915 2.7504643197226 
502.9058452308060 0.9408807689542 0.3387379202453 2.7776068539150 
497.1606432275150 0.9419403007088 0.3357803893926 2.8052272570555 
494.0818545061870 0.9429905358929 0.3328195445230 2.8333388210251 
495.0551319742670 0.9440314641411 0.3298554148589 2.8619553344153 
494.3636820666910 0.9450630751798 0.3268880296549 2.8910911059588 
505.4185459969770 0.9460853588275 0.3239174181981 2.9207609892988 
499.7234127853100 0.9470983049947 0.3209436098072 2.9509804091867 
505.6195129766220 0.9481019036840 0.3179666338324 2.9817653892067 
494.9174492193180 0.9490961449903 0.3149865196553 3.0131325811305 
497.6503746321550 0.9500810191008 0.3120032966884 3.0450992960167 
498.8343891072380 0.9510565162952 0.3090169943749 3.0776835371753 
501.4059110038170 0.9520226269457 0.3060276421885 3.1109040351305 
501.7222511027820 0.9529793415172 0.3030352696328 3.1447802847242 
497.5950531319210 0.9539266505674 0.3000399062413 3.1793325845139 
501.8426063558190 0.9548645447466 0.2970415815770 3.2145820786340 
502.7174277493890 0.9557930147983 0.2940403252323 3.2505508012998 
503.8589419482350 0.9567120515588 0.2910361668283 3.2872617241532 
499.9567967192920 0.9576216459576 0.2880291360148 3.3247388066620 
502.4674744133520 0.9585217890174 0.2850192624700 3.3630070498072 
496.0099384063420 0.9594124718540 0.2820065759001 3.4020925533092 
501.8382265917470 0.9602936856769 0.2789911060392 3.4420225766692 
501.8473070366130 0.9611654217889 0.2759728826487 3.4828256043265 
494.9776873330600 0.9620276715861 0.2729519355173 3.5245314152573 
498.9676558120610 0.9628804265586 0.2699282944605 3.5671711573738 
495.9264242097420 0.9637236782900 0.2669019893204 3.6107774271147 
503.5460162537840 0.9645574184578 0.2638730499654 3.6553843546523 
500.0192265349220 0.9653816388333 0.2608415062899 3.7010276951873 
502.9610732649470 0.9661963312817 0.2578073882141 3.7477449268423 
500.8250448387630 0.9670014877624 0.2547707256834 3.7955753557188 
503.9093142247130 0.9677971003289 0.2517315486685 3.8445602287354 
500.0228678587760 0.9685831611286 0.2486898871649 3.8947428549299 
505.0909401874840 0.9693596624036 0.2456457711924 3.9461687359734 
500.7527038666750 0.9701265964901 0.2425992307954 3.9988857067245 
500.8440478711950 0.9708839558187 0.2395502960419 4.0529440867350 
495.2698842422480 0.9716317329147 0.2364989970237 4.1083968437177 
505.3072726557550 0.9723699203977 0.2334453638559 4.1652997700904 
503.4916560458440 0.9730985109821 0.2303894266766 4.2237116738353 
504.6891818479130 0.9738174974771 0.2273312156466 4.2836945850445 
498.6144453502220 0.9745268727866 0.2242707609494 4.3453139796789 
496.3411284842040 0.9752266299092 0.2212080927902 4.4086390222348 
501.2992087450160 0.9759167619387 0.2181432413965 4.4737428292116 
500.0197906907710 0.9765972620638 0.2150762370171 4.5407027554891 
494.6136817308880 0.9772681235682 0.2120071099221 4.6096007059739 
495.9588341433390 0.9779293398307 0.2089358904024 4.6805234751541 
504.4159846339100 0.9785809043255 0.2058626087699 4.7535631175225 
500.3912064661270 0.9792228106218 0.2027872953565 4.8288173521928 
505.8613065106340 0.9798550523842 0.1997099805144 4.9063900054487 
499.4638581903110 0.9804776233729 0.1966306946154 4.9863914954408 
505.6000001422040 0.9810905174433 0.1935494680509 5.0689393637885 
497.2798182280780 0.9816937285464 0.1904663312312 5.1541588594722 
501.6691272330550 0.9822872507287 0.1873813145857 5.2421835811132 
504.6749583621760 0.9828710781324 0.1842944485623 5.3331561845714 
503.4015373821290 0.9834452049953 0.1812057636271 5.4272291637420 
498.7558060572680 0.9840096256511 0.1781152902642 5.5245657135415 
495.7763624739540 0.9845643345292 0.1750230589753 5.6253406853567 
500.6974184646310 0.9851093261548 0.1719291002794 5.7297416467243 
498.4951975519490 0.9856445951490 0.1688334447127 5.8379700587526 
504.5752396700480 0.9861701362290 0.1657361228281 5.9502425868362 
495.1672446035570 0.9866859442079 0.1626371651949 6.0667925626074 
504.9451321182850 0.9871920139948 0.1595366023985 6.1878716178814 
500.6373712560710 0.9876883405951 0.1564344650402 6.3137515146750 
504.2739725441190 0.9881749191103 0.1533307837370 6.4447261993097 
504.9348821066250 0.9886517447379 0.1502255891208 6.5811141132767 
498.5769718454900 0.9891188127720 0.1471189118386 6.7232607991068 
500.5495223422440 0.9895761186027 0.1440107825523 6.8715418461364 
496.3323914727240 0.9900236577166 0.1409012319376 7.0263662290414 
499.5329141929990 0.9904614256967 0.1377902906846 7.1881801016265 
494.7899747062260 0.9908894182223 0.1346779894972 7.3574711199805 
499.7656745531620 0.9913076310695 0.1315643590923 7.5347733832244 
496.4639631741690 0.9917160601106 0.1284494302003 7.7206730972967 
503.7123687525110 0.9921147013145 0.1253332335643 7.9158150883058 
496.6044384418110 0.9925035507468 0.1222157999399 8.1209103179374 
494.1342638107080 0.9928826045698 0.1190971600949 8.3367445855041 
494.5000912501860 0.9932518590423 0.1159773448090 8.5641886411388 
497.1204153446470 0.9936113105200 0.1128563848735 8.8042099845206 
501.3952254751350 0.9939609554552 0.1097343110910 9.0578866862389 
501.7962787453170 0.9943007903970 0.1066111542753 9.3264236482217 
501.3030141257040 0.9946308119914 0.1034869452504 9.6111718206058 
497.5091567389340 0.9949510169813 0.1003617148512 9.9136510217696 
497.0399302103700 0.9952614022063 0.0972354939224 10.2355771751475 
497.0221476263390 0.9955619646031 0.0941083133185 10.5788949934056 
503.7722860818320 0.9958527012052 0.0909802039036 10.9458174248619 
496.1005820758090 0.9961336091432 0.0878511965507 11.3388735527102 
503.3296495626910 0.9964046856446 0.0847213221421 11.7609671385164 
499.9518034241410 0.9966659280340 0.0815906115682 12.2154486757518 
498.0303157240760 0.9969173337331 0.0784590957278 12.7062047361747 
497.7812833924400 0.9971589002606 0.0753268055279 13.2377696528077 
498.4502499070700 0.9973906252323 0.0721937718829 13.8154663376040 
504.7717850010800 0.9976125063612 0.0690600257144 14.4455855039324 
497.8992501224450 0.9978245414574 0.0659255979514 15.1356160954864 
497.8563279697130 0.9980267284283 0.0627905195293 15.8945448438653 
497.9593487117920 0.9982190652782 0.0596548213902 16.7332504232874 
502.2249773737090 0.9984015501090 0.0565185344820 17.6650289902069 
505.1455393677410 0.9985741811195 0.0533816897588 18.7063052075011 
496.9430141821440 0.9987369566060 0.0502443181798 19.8776099027283 
503.7201194088010 0.9988898749620 0.0471064507096 21.2049487896887 
495.2952377788210 0.9990329346781 0.0439681183179 22.7217577849403 
499.6698761611670 0.9991661343425 0.0408293519785 24.4717607780901 
494.0773019912630 0.9992894726406 0.0376901826699 26.5132562872325 
494.4399068324430 0.9994029483550 0.0345506413745 28.9257422900803 
505.1396644399200 0.9995065603657 0.0314107590781 31.8205159537739 
503.9900524879620 0.9996003076503 0.0282705667703 35.3583398512315 
499.1176970045020 0.9996841892833 0.0251300954433 39.7803578397604 
499.9615310795390 0.9997582044370 0.0219893760925 45.4655102641926 
499.4496338503850 0.9998223523808 0.0188484397154 53.0453643631561 
498.8353479517880 0.9998766324817 0.0157073173118 63.6567411628717 
505.9435134220270 0.9999210442038 0.0125660398834 79.5732827116433 
499.8438462476880 0.9999555871090 0.0094246384331 106.1001537833380 
497.6641052025830 0.9999802608561 0.0062831439656 159.1528486912780 
497.8981777403790 0.9999950652019 0.0031415874859 318.3088389855420 
502.8667085870690 1.0000000000000 0.0000000000000 16324552277619100.0000000000000 
494.9316962321430 0.9999950652019 0.0031415874859 318.3088389855540 
504.1290373369130 0.9999802608561 0.0062831439656 159.1528486912810 
496.7532527765080 0.9999555871090 0.0094246384331 106.1001537833390 
500.3218391959550 0.9999210442038 0.0125660398834 79.5732827116441 
496.7408650222420 0.9998766324817 0.0157073173118 63.6567411628722 
498.1115696515390 0.9998223523808 0.0188484397154 53.0453643631565 
498.6041923138100 0.9997582044370 0.0219893760925 45.4655102641929 
496.4883340531610 0.9996841892833 0.0251300954433 39.7803578397606 
495.7399746545930 0.9996003076503 0.0282705667703 35.3583398512317 
505.0248719307740 0.9995065603657 0.0314107590781 31.8205159537740 
503.9892405999400 0.9994029483550 0.0345506413745 28.9257422900804 
501.3616119654080 0.9992894726406 0.0376901826699 26.5132562872326 
500.7817383381220 0.9991661343425 0.0408293519785 24.4717607780902 
497.6123788707920 0.9990329346781 0.0439681183179 22.7217577849404 
502.3709271178200 0.9988898749620 0.0471064507096 21.2049487896888 
499.7663195578140 0.9987369566060 0.0502443181798 19.8776099027283 
495.8092510118010 0.9985741811195 0.0533816897588 18.7063052075011 
498.8219125503290 0.9984015501090 0.0565185344820 17.6650289902070 
500.0912643663180 0.9982190652782 0.0596548213902 16.7332504232875 
499.0001105819800 0.9980267284283 0.0627905195293 15.8945448438653 
496.5214507652340 0.9978245414574 0.0659255979514 15.1356160954864 
498.6672477648230 0.9976125063612 0.0690600257144 14.4455855039325 
494.1834779186150 0.9973906252323 0.0721937718829 13.8154663376040 
499.4534538565690 0.9971589002606 0.0753268055279 13.2377696528077 
505.2999553614830 0.9969173337331 0.0784590957278 12.7062047361747 
501.2091506028750 0.9966659280340 0.0815906115682 12.2154486757518 
501.7659908008900 0.9964046856446 0.0847213221421 11.7609671385165 
494.9152755345370 0.9961336091432 0.0878511965507 11.3388735527103 
501.6445980194940 0.9958527012052 0.0909802039036 10.9458174248619 
498.8640658870330 0.9955619646031 0.0941083133185 10.5788949934056 
497.1259796567770 0.9952614022063 0.0972354939224 10.2355771751475 
494.3198994774330 0.9949510169813 0.1003617148512 9.9136510217696 
495.5909404435010 0.9946308119914 0.1034869452504 9.6111718206058 
504.1383322896320 0.9943007903970 0.1066111542753 9.3264236482217 
502.2407231253100 0.9939609554552 0.1097343110910 9.0578866862389 
494.9300922756930 0.9936113105200 0.1128563848735 8.8042099845206 
500.1562072527540 0.9932518590423 0.1159773448090 8.5641886411388 
498.1607656605000 0.9928826045698 0.1190971600949 8.3367445855040 
500.0129467943720 0.9925035507468 0.1222157999399 8.1209103179374 
503.9008552044820 0.9921147013145 0.1253332335643 7.9158150883058 
494.7753901592900 0.9917160601106 0.1284494302003 7.7206730972967 
496.3038265094900 0.9913076310695 0.1315643590923 7.5347733832244 
497.5207861260050 0.9908894182223 0.1346779894972 7.3574711199805 
495.8774515749310 0.9904614256967 0.1377902906846 7.1881801016265 
501.5399543724930 0.9900236577166 0.1409012319376 7.0263662290414 
505.0231074747420 0.9895761186027 0.1440107825523 6.8715418461364 
502.9563665293680 0.9891188127720 0.1471189118386 6.7232607991068 
505.3338153390570 0.9886517447379 0.1502255891208 6.5811141132767 
495.2599116735440 0.9881749191103 0.1533307837370 6.4447261993097 
496.0157671198170 0.9876883405951 0.1564344650402 6.3137515146750 
497.4788651398600 0.9871920139948 0.1595366023985 6.1878716178814 
494.6632122088520 0.9866859442079 0.1626371651949 6.0667925626074 
501.7345801614050 0.9861701362290 0.1657361228281 5.9502425868362 
502.0804375469940 0.9856445951490 0.1688334447127 5.8379700587526 
502.4547273478170 0.9851093261548 0.1719291002794 5.7297416467243 
495.9225306137950 0.9845643345292 0.1750230589753 5.6253406853567 
500.3340124393220 0.9840096256511 0.1781152902642 5.5245657135415 
496.4467618402810 0.9834452049953 0.1812057636271 5.4272291637419 
501.3829137683190 0.9828710781324 0.1842944485623 5.3331561845714 
502.1828143522540 0.9822872507287 0.1873813145857 5.2421835811132 
496.3448874322140 0.9816937285464 0.1904663312312 5.1541588594722 
495.4423944726760 0.9810905174433 0.1935494680509 5.0689393637885 
495.1228416234330 0.9804776233729 0.1966306946154 4.9863914954408 
501.7591550618430 0.9798550523842 0.1997099805144 4.9063900054487 
502.7924951990870 0.9792228106218 0.2027872953565 4.8288173521928 
505.5060221779890 0.9785809043255 0.2058626087699 4.7535631175225 
500.7213244464900 0.9779293398307 0.2089358904024 4.6805234751542 
496.0079597762740 0.9772681235682 0.2120071099221 4.6096007059739 
498.2678336388110 0.9765972620638 0.2150762370171 4.5407027554891 
496.2402285697260 0.9759167619387 0.2181432413965 4.4737428292116 
496.6458720174730 0.9752266299092 0.2212080927902 4.4086390222348 
500.3379088712610 0.9745268727866 0.2242707609494 4.3453139796789 
505.9089879224040 0.9738174974771 0.2273312156466 4.2836945850445 
498.7197344064200 0.9730985109821 0.2303894266766 4.2237116738353 
503.9035531954320 0.9723699203977 0.2334453638559 4.1652997700904 
504.7129439923150 0.9716317329147 0.2364989970237 4.1083968437177 
501.1616032401120 0.9708839558187 0.2395502960419 4.0529440867350 
497.4987767915350 0.9701265964901 0.2425992307954 3.9988857067245 
494.9001955413910 0.9693596624036 0.2456457711924 3.9461687359734 
502.2043526503480 0.9685831611286 0.2486898871649 3.8947428549299 
497.8801041424160 0.9677971003289 0.2517315486685 3.8445602287354 
499.5695245631810 0.9670014877624 0.2547707256834 3.7955753557188 
497.6309694286840 0.9661963312817 0.2578073882141 3.7477449268423 
495.8204608086530 0.9653816388333 0.2608415062899 3.7010276951873 
505.0274033968580 0.9645574184578 0.2638730499654 3.6553843546523 
503.9596374861650 0.9637236782900 0.2669019893204 3.6107774271147 
501.8003480206080 0.9628804265586 0.2699282944605 3.5671711573738 
494.6074472479030 0.9620276715861 0.2729519355173 3.5245314152573 
504.0574507296680 0.9611654217889 0.2759728826487 3.4828256043265 
498.0801132812870 0.9602936856769 0.2789911060392 3.4420225766692 
503.3594118300040 0.9594124718540 0.2820065759001 3.4020925533092 
501.8835164284610 0.9585217890174 0.2850192624700 3.3630070498072 
502.7399004375610 0.9576216459576 0.2880291360148 3.3247388066620 
496.7526918067100 0.9567120515588 0.2910361668283 3.2872617241532 
499.2500245078110 0.9557930147983 0.2940403252323 3.2505508012998 
495.5438026520630 0.9548645447466 0.2970415815770 3.2145820786340 
505.5353091236620 0.9539266505674 0.3000399062413 3.1793325845139 
501.3393880383330 0.9529793415172 0.3030352696328 3.1447802847242 
502.0575678050330 0.9520226269457 0.3060276421885 3.1109040351305 
503.2793342422630 0.9510565162952 0.3090169943749 3.0776835371753 
499.3300778594060 0.9500810191008 0.3120032966884 3.0450992960167 
495.1475061001950 0.9490961449903 0.3149865196553 3.0131325811305 
504.7401306439510 0.9481019036840 0.3179666338324 2.9817653892067 
504.9514328781310 0.9470983049947 0.3209436098072 2.9509804091867 
499.8202098218450 0.9460853588275 0.3239174181981 2.9207609892988 
500.6343009881230 0.9450630751798 0.3268880296549 2.8910911059588 
505.0122501978250 0.9440314641411 0.3298554148589 2.8619553344153 
499.4189317514150 0.9429905358929 0.3328195445230 2.8333388210251 
500.7717142663140 0.9419403007088 0.3357803893926 2.8052272570555 
504.0867596801800 0.9408807689542 0.3387379202453 2.7776068539150 
498.0428496707190 0.9398119510863 0.3416921078915 2.7504643197226 
499.9425389151900 0.9387338576539 0.3446429231745 2.7237868371333 
500.0819728931070 0.9376464992972 0.3475903369710 2.6975620423400 
496.8477080514460 0.9365498867482 0.3505343201913 2.6717780051813 
501.8027780073640 0.9354440308299 0.3534748437793 2.6464232102866 
503.8731736743890 0.9343289424566 0.3564118787133 2.6214865391968 
496.5933793451190 0.9332046326339 0.3593453960059 2.5969572534014 
503.7858637036880 0.9320711124582 0.3622753667045 2.5728249782392 
500.0909555485590 0.9309283931169 0.3652017618916 2.5490796876092 
495.6932675793430 0.9297764858883 0.3681245526847 2.5257116894473 
500.2741790434670 0.9286154021410 0.3710437102371 2.5027116119224 
497.6058207731180 0.9274451533347 0.3739592057378 2.4800703903113 
495.4466359370000 0.9262657510191 0.3768710104122 2.4577792545149 
495.4327069150270 0.9250772068345 0.3797790955218 2.4358297171766 
496.6496697022100 0.9238795325113 0.3826834323651 2.4142135623731 
499.2761550901340 0.9226727398701 0.3855839922774 2.3929228348420 
501.0579328741580 0.9214568408215 0.3884807466314 2.3719498297193 
505.5210343486370 0.9202318473659 0.3913736668372 2.3512870827578 
505.9424311882580 0.9189977715934 0.3942627243430 2.3309273610001 
495.6432076182980 0.9177546256840 0.3971478906348 2.3108636538824 
497.2519597869860 0.9165024219069 0.4000291372373 2.2910891647458 
494.1374156149860 0.9152411726209 0.4029064357137 2.2715973027330 
495.8463845461980 0.9139708902741 0.4057797576662 2.2523816750512 
501.3209499171000 0.9126915874035 0.4086490747363 2.2334360795809 
494.6694842467010 0.9114032766354 0.4115143586051 2.2147544978134 
501.1322929635290 0.9101059706850 0.4143755809933 2.1963310880999 
499.8633701337590 0.9087996823560 0.4172327136618 2.1781601791962 
496.5056350464940 0.9074844245411 0.4200857284118 2.1602362640883 
504.6122615435610 0.9061602102213 0.4229345970853 2.1425539940837 
503.0119965317620 0.9048270524660 0.4257792915651 2.1251081731572 
501.4670454660240 0.9034849644330 0.4286197837751 2.1078937525363 
496.5162662246890 0.9021339593682 0.4314560456810 2.0909058255155 
495.0823961146130 0.9007740506054 0.4342880492898 2.0741396224889 
500.2997208014660 0.8994052515664 0.4371157666509 2.0575905061887 
501.2481575547400 0.8980275757606 0.4399391698559 2.0412539671217 
505.2467985907750 0.8966410367852 0.4427582310389 2.0251256191925 
496.1780602684460 0.8952456483248 0.4455729223769 2.0092011955061 
503.8448816598990 0.8938414241513 0.4483832160900 1.9934765443401 
499.9345462058090 0.8924283781237 0.4511890844418 1.9779476252794 
494.0564617738110 0.8910065241884 0.4539904997395 1.9626105055052 
495.1635673376300 0.8895758763783 0.4567874343343 1.9474613562318 
505.7551698513690 0.8881364488135 0.4595798606215 1.9324964492842 
496.0074232196020 0.8866882557006 0.4623677510410 1.9177121538088 
501.6282890857960 0.8852313113325 0.4651510780775 1.9031049331139 
504.7191647008250 0.8837656300887 0.4679298142606 1.8886713416311 
498.4612617707020 0.8822912264350 0.4707039321653 1.8744080219943 
505.3253416312850 0.8808081149230 0.4734734044123 1.8603117022302 
496.9948169096800 0.8793163101906 0.4762382036679 1.8463791930554 
501.9083229708460 0.8778158269611 0.4789983026448 1.8326073852753 
505.4372076576150 0.8763066800439 0.4817536741017 1.8189932472811 
495.9217668899520 0.8747888843335 0.4845042908444 1.8055338226394 
496.0895611962420 0.8732624548099 0.4872501257253 1.7922262277715 
505.0920162308610 0.8717274065385 0.4899911516442 1.7790676497184 
501.1120675423820 0.8701837546695 0.4927273415483 1.7660553439863 
503.7972063501390 0.8686315144382 0.4954586684324 1.7531866324722 
496.0870674070540 0.8670707011645 0.4981851053395 1.7404589014632 
502.9971165155990 0.8655013302530 0.5009066253607 1.7278695997079 
498.2741968569770 0.8639234171928 0.5036232016358 1.7154162365571 
504.9945922438000 0.8623369775573 0.5063348073531 1.7030963801702 
498.1604027891680 0.8607420270039 0.5090414157504 1.6909076557850 
501.4598457842270 0.8591385812743 0.5117430001143 1.6788477440479 
495.9068129089190 0.8575266561937 0.5144395337815 1.6669143794028 
498.7939090538960 0.8559062676711 0.5171309901382 1.6551053485355 
505.6025295556330 0.8542774316993 0.5198173426207 1.6434184888722 
496.5140793964350 0.8526401643541 0.5224985647159 1.6318516871288 
499.3375387184750 0.8509944817947 0.5251746299613 1.6204028779102 
501.8217198595140 0.8493404002633 0.5278455119451 1.6090700423568 
503.0478812602310 0.8476779360851 0.5305111843067 1.5978512068371 
503.5762375768800 0.8460071056678 0.5331716207372 1.5867444416830 
505.1844228103910 0.8443279255020 0.5358267949790 1.5757478599687 
501.1144306462030 0.8426404121604 0.5384766808267 1.5648596163288 
495.5762240672090 0.8409445822982 0.5411212521269 1.5540779058166 
495.1822812129380 0.8392404526524 0.5437604827788 1.5434009627982 
499.4623528650110 0.8375280400421 0.5463943467343 1.5328270598844 
496.3076084493450 0.8358073613683 0.5490228179981 1.5223545068961 
495.2409996184900 0.8340784336132 0.5516458706284 1.5119816498635 
494.4105515986850 0.8323412738407 0.5542634787367 1.5017068700571 
494.8036788388740 0.8305958991958 0.5568756164882 1.4915285830502 
497.4760247567530 0.8288423269048 0.5594822581022 1.4814452378102 
505.1504634196290 0.8270805742746 0.5620833778521 1.4714553158200 
495.9094531028040 0.8253106586930 0.5646789500661 1.4615573302253 
500.3998087105820 0.8235325976284 0.5672689491268 1.4517498250101 
501.1954113147890 0.8217464086296 0.5698533494719 1.4420313741967 
504.6197853729080 0.8199521093255 0.5724321255946 1.4324005810711 
496.3670588080440 0.8181497174250 0.5750052520433 1.4228560774319 
497.9756711706970 0.8163392507172 0.5775727034223 1.4133965228623 
497.5941880416730 0.8145207270705 0.5801344543918 1.4040206040242 
502.2137305018430 0.8126941644331 0.5826904796686 1.3947270339741 
494.7819747588340 0.8108595808324 0.5852407540255 1.3855145514986 
501.7739727498460 0.8090169943749 0.5877852522925 1.3763819204712 
504.0647302194010 0.8071664232464 0.5903239493563 1.3673279292269 
500.6391078067140 0.8053078857111 0.5928568201611 1.3583513899568 
494.3090472598140 0.8034414001121 0.5953838397084 1.3494511381191 
505.4819127397070 0.8015669848709 0.5979049830575 1.3406260318686 
494.9472328532650 0.7996846584871 0.6004202253259 1.3318749515026 
504.5726782156550 0.7977944395386 0.6029295416890 1.3231967989222 
495.4607763694800 0.7958963466810 0.6054329073810 1.3145904971105 
498.3163912106760 0.7939903986478 0.6079302976946 1.3060549896243 
498.1473454500450 0.7920766142500 0.6104216879816 1.2975892401022 
503.8174932981660 0.7901550123757 0.6129070536530 1.2891922317851 
497.7463036919510 0.7882256119904 0.6153863701792 1.2808629670510 
500.9679660142380 0.7862884321366 0.6178596130903 1.2726004669635 
504.3597492292790 0.7843434919334 0.6203267579766 1.2644037708318 
495.0111092912150 0.7823908105766 0.6227877804881 1.2562719357843 
501.9586917234000 0.7804304073383 0.6252426563357 1.2482040363531 
502.3978295383420 0.7784623015670 0.6276913612907 1.2401991640705 
500.7165016954920 0.7764865126871 0.6301338711854 1.2322564270770 
498.4263470081400 0.7745030601987 0.6325701619131 1.2243749497389 
501.3249067719750 0.7725119636779 0.6350002094288 1.2165538722779 
505.0438077685420 0.7705132427758 0.6374239897487 1.2087923504096 
498.8983121371440 0.7685069172191 0.6398414789512 1.2010895549923 
501.4176257394790 0.7664930068094 0.6422526531766 1.1934446716853 
498.0872665688630 0.7644715314231 0.6446574886276 1.1858569006164 
502.9931944234390 0.7624425110114 0.6470559615694 1.1783254560581 
504.5686911400060 0.7604059656000 0.6494480483302 1.1708495661125 
505.7102818050420 0.7583619152887 0.6518337253009 1.1634284724048 
500.8450972969460 0.7563103802515 0.6542129689359 1.1560614297844 
505.0554947473440 0.7542513807361 0.6565857557530 1.1487477060345 
502.1934480217870 0.7521849370641 0.6589520623337 1.1414865815887 
502.3056103154840 0.7501110696305 0.6613118653237 1.1342773492554 
499.6366759087670 0.7480297989034 0.6636651414325 1.1271193139493 
497.4602767955520 0.7459411454242 0.6660118674343 1.1200117924292 
502.5847294033840 0.7438451298070 0.6683520201678 1.1129541130440 
498.8869676682400 0.7417417727387 0.6706855765367 1.1059456154834 
495.6092312115060 0.7396310949786 0.6730125135098 1.0989856505363 
503.2267924676470 0.7375131173582 0.6753328081210 1.0920735798549 
498.7316538657390 0.7353878607810 0.6776464374701 1.0852087757245 
496.3103102145940 0.7332553462226 0.6799533787224 1.0783906208398 
501.0287138065960 0.7311155947299 0.6822536091094 1.0716185080857 
499.0785945672300 0.7289686274214 0.6845471059287 1.0648918403248 
494.1284960415980 0.7268144654869 0.6868338465444 1.0582100301895 
498.6071652675040 0.7246531301870 0.6891138083873 1.0515724998790 
501.4445832523450 0.7224846428534 0.6913869689552 1.0449786809623 
496.4976013182820 0.7203090248879 0.6936533058128 1.0384280141848 
497.4050830093710 0.7181262977632 0.6959127965923 1.0319199492805 
494.5620188253050 0.7159364830218 0.6981654189935 1.0254539447886 
503.2345280313710 0.7137396022764 0.7004111507838 1.0190294678743 
497.9350634230340 0.7115356772093 0.7026499697988 1.0126459941541 
504.9540140012100 0.7093247295723 0.7048818539424 1.0063030075254 
495.7849403497520 0.7071067811865 0.7071067811865 1.0000000000000 
504.4540981260450 0.7048818539424 0.7093247295723 0.9937364715416 
501.6306741278850 0.7026499697988 0.7115356772093 0.9875119299073 
494.8381511039830 0.7004111507838 0.7137396022764 0.9813258904927 
500.2380287394880 0.6981654189935 0.7159364830218 0.9751778761806 
496.9072577190690 0.6959127965923 0.7181262977632 0.9690674171938 
504.2468446397570 0.6936533058128 0.7203090248879 0.9629940509502 
496.4315633993680 0.6913869689552 0.7224846428534 0.9569573219227 
499.5177311187070 0.6891138083873 0.7246531301870 0.9509567815011 
498.6136279802290 0.6868338465444 0.7268144654869 0.9449919878580 
505.8858097068240 0.6845471059287 0.7289686274214 0.9390625058175 
504.2387760358520 0.6822536091094 0.7311155947299 0.9331679067268 
505.3217891319190 0.6799533787224 0.7332553462226 0.9273077683310 
500.6220751211970 0.6776464374701 0.7353878607810 0.9214816746505 
501.3849891258390 0.6753328081210 0.7375131173582 0.9156892158612 
496.0722114709960 0.6730125135098 0.7396310949786 0.9099299881777 
499.4197218249940 0.6706855765367 0.7417417727387 0.9042035937390 
499.8913516884230 0.6683520201678 0.7438451298070 0.8985096404962 
503.7734644759870 0.6660118674343 0.7459411454242 0.8928477421037 
495.8847262889500 0.6636651414325 0.7480297989034 0.8872175178120 
504.5545189888210 0.6613118653237 0.7501110696305 0.8816185923632 
497.8427821570170 0.6589520623337 0.7521849370641 0.8760505958890 
497.4440331838810 0.6565857557530 0.7542513807361 0.8705131638104 
503.1834822171230 0.6542129689359 0.7563103802515 0.8650059367403 
504.8528267533890 0.6518337253009 0.7583619152887 0.8595285603876 
496.2317060811760 0.6494480483302 0.7604059656000 0.8540806854635 
499.7072532310400 0.6470559615694 0.7624425110114 0.8486619675903 
503.0834387315810 0.6446574886276 0.7644715314231 0.8432720672116 
498.3155207093930 0.6422526531766 0.7664930068094 0.8379106495049 
504.2810185167220 0.6398414789512 0.7685069172191 0.8325773842954 
494.0488196907610 0.6374239897487 0.7705132427758 0.8272719459725 
497.0759279027390 0.6350002094288 0.7725119636779 0.8219940134074 
498.3399339706730 0.6325701619131 0.7745030601987 0.8167432698727 
503.0111292630890 0.6301338711854 0.7764865126871 0.8115194029639 
498.3921966218670 0.6276913612907 0.7784623015670 0.8063221045222 
498.5836196442920 0.6252426563357 0.7804304073383 0.8011510705588 
504.9426341463550 0.6227877804881 0.7823908105766 0.7960060011814 
498.3733168516480 0.6203267579766 0.7843434919334 0.7908866005217 
496.9873376852340 0.6178596130903 0.7862884321366 0.7857925766648 
503.7457226813900 0.6153863701792 0.7882256119904 0.7807236415792 
505.7948220930970 0.6129070536530 0.7901550123757 0.7756795110496 
502.0778872633100 0.6104216879816 0.7920766142500 0.7706599046099 
501.6284867188630 0.6079302976946 0.7939903986478 0.7656645454780 
496.3174229907080 0.6054329073810 0.7958963466810 0.7606931604922 
497.9984002987680 0.6029295416890 0.7977944395386 0.7557454800484 
495.4256359076390 0.6004202253259 0.7996846584871 0.7508212380388 
499.5094805900010 0.5979049830575 0.8015669848709 0.7459201717918 
502.4835827604850 0.5953838397084 0.8034414001121 0.7410420220134 
502.2714254944020 0.5928568201611 0.8053078857111 0.7361865327291 
499.0740595975420 0.5903239493563 0.8071664232464 0.7313534512276 
500.9372443829930 0.5877852522925 0.8090169943749 0.7265425280054 
502.8596570391290 0.5852407540255 0.8108595808324 0.7217535167122 
501.3015906119040 0.5826904796686 0.8126941644331 0.7169861740979 
500.1790488439450 0.5801344543918 0.8145207270705 0.7122402599604 
497.6402013960850 0.5775727034223 0.8163392507172 0.7075155370942 
498.4291659013530 0.5750052520433 0.8181497174250 0.7028117712404 
502.1158937190170 0.5724321255946 0.8199521093255 0.6981287310371 
499.5445458135550 0.5698533494719 0.8217464086296 0.6934661879719 
499.4443488318560 0.5672689491268 0.8235325976284 0.6888239163336 
500.3749016258410 0.5646789500661 0.8253106586930 0.6842016931665 
495.4879005154180 0.5620833778521 0.8270805742746 0.6795992982245 
494.3531187384910 0.5594822581022 0.8288423269048 0.6750165139267 
496.0828998462600 0.5568756164882 0.8305958991958 0.6704531253132 
498.5028809576580 0.5542634787367 0.8323412738407 0.6659089200024 
495.9990112161020 0.5516458706284 0.8340784336132 0.6613836881488 
494.2963612707300 0.5490228179981 0.8358073613683 0.6568772224013 
504.0306610595790 0.5463943467343 0.8375280400421 0.6523893178630 
494.1537430982220 0.5437604827788 0.8392404526524 0.6479197720513 
498.2612986148790 0.5411212521269 0.8409445822982 0.6434683848585 
497.9586865343940 0.5384766808267 0.8426404121604 0.6390349585134 
503.5040856322000 0.5358267949790 0.8443279255020 0.6346192975441 
500.4000328933480 0.5331716207372 0.8460071056678 0.6302212087407 
498.5034247553960 0.5305111843067 0.8476779360851 0.6258405011187 
502.5872554209830 0.5278455119451 0.8493404002633 0.6214769858839 
502.3147588935110 0.5251746299613 0.8509944817947 0.6171304763971 
504.1996506235320 0.5224985647159 0.8526401643541 0.6128007881399 
497.6868367074870 0.5198173426207 0.8542774316993 0.6084877386808 
502.3997888014400 0.5171309901382 0.8559062676711 0.6041911476419 
498.3558990338280 0.5144395337815 0.8575266561937 0.5999108366671 
497.4795719818720 0.5117430001143 0.8591385812743 0.5956466293893 
505.6209807256610 0.5090414157504 0.8607420270039 0.5913983513995 
500.3463501523170 0.5063348073531 0.8623369775573 0.5871658302157 
496.9574308238630 0.5036232016358 0.8639234171928 0.5829488952530 
498.8786154429840 0.5009066253607 0.8655013302530 0.5787473777935 
505.0270576757030 0.4981851053395 0.8670707011645 0.5745611109572 
497.3989308873580 0.4954586684324 0.8686315144382 0.5703899296733 
499.3327277429240 0.4927273415483 0.8701837546695 0.5662336706520 
499.3393115135160 0.4899911516442 0.8717274065385 0.5620921723569 
505.7033709065690 0.4872501257253 0.8732624548099 0.5579652749773 
503.8065631760650 0.4845042908444 0.8747888843335 0.5538528204020 
496.0377826660800 0.4817536741017 0.8763066800439 0.5497546521928 
497.1551204504390 0.4789983026448 0.8778158269611 0.5456706155584 
500.6568937214140 0.4762382036679 0.8793163101906 0.5416005573293 
496.6867586205270 0.4734734044123 0.8808081149230 0.5375443259327 
501.6689146682540 0.4707039321653 0.8822912264350 0.5335017713678 
505.9610102583280 0.4679298142606 0.8837656300887 0.5294727451820 
505.1213934322160 0.4651510780775 0.8852313113325 0.5254571004468 
500.6268277663830 0.4623677510410 0.8866882557006 0.5214546917346 
497.4374126995450 0.4595798606215 0.8881364488135 0.5174653750957 
501.7727466647760 0.4567874343343 0.8895758763783 0.5134890080360 
497.7753001718170 0.4539904997395 0.8910065241884 0.5095254494944 
503.3995676831260 0.4511890844418 0.8924283781237 0.5055745598212 
497.6353979070980 0.4483832160900 0.8938414241513 0.5016362007565 
500.6731101431180 0.4455729223769 0.8952456483248 0.4977102354093 
502.2663137637830 0.4427582310389 0.8966410367852 0.4937965282365 
494.9252691954710 0.4399391698559 0.8980275757606 0.4898949450225 
494.2043629514540 0.4371157666509 0.8994052515664 0.4860053528592 
495.9829580561470 0.4342880492898 0.9007740506054 0.4821276201262 
504.0771824009120 0.4314560456810 0.9021339593682 0.4782616164712 
503.9762505987960 0.4286197837751 0.9034849644330 0.4744072127909 
499.9981712506540 0.4257792915651 0.9048270524660 0.4705642812123 
503.8220746026020 0.4229345970853 0.9061602102213 0.4667326950739 
497.0050038226470 0.4200857284118 0.9074844245411 0.4629123289077 
495.3908181944140 0.4172327136618 0.9087996823560 0.4591030584211 
502.0347768102420 0.4143755809933 0.9101059706850 0.4553047604790 
495.7406372822780 0.4115143586051 0.9114032766354 0.4515173130870 
494.1692329844130 0.4086490747363 0.9126915874035 0.4477405953734 
495.3365943969760 0.4057797576662 0.9139708902741 0.4439744875731 
502.1993113765240 0.4029064357137 0.9152411726209 0.4402188710107 
505.8921853517530 0.4000291372373 0.9165024219069 0.4364736280838 
500.1865690897550 0.3971478906348 0.9177546256840 0.4327386422474 
503.7589098432710 0.3942627243430 0.9189977715934 0.4290137979980 
496.7608117422630 0.3913736668372 0.9202318473659 0.4252989808574 
505.7350389460880 0.3884807466314 0.9214568408215 0.4215940773580 
499.6913453730710 0.3855839922774 0.9226727398701 0.4178989750273 
494.1755256425530 0.3826834323651 0.9238795325113 0.4142135623731 
495.5866059516150 0.3797790955218 0.9250772068345 0.4105377288685 
505.2610962487930 0.3768710104122 0.9262657510191 0.4068713649377 
505.6353050412680 0.3739592057378 0.9274451533347 0.4032143619417 
501.3674333510700 0.3710437102371 0.9286154021410 0.3995666121643 
497.6102246909420 0.3681245526847 0.9297764858883 0.3959280087977 
505.4757630494260 0.3652017618916 0.9309283931169 0.3922984459297 
499.4317557054130 0.3622753667045 0.9320711124582 0.3886778185294 
500.2468172465480 0.3593453960059 0.9332046326339 0.3850660224346 
504.6765028333390 0.3564118787133 0.9343289424566 0.3814629543383 
501.6127376719490 0.3534748437793 0.9354440308299 0.3778685117758 
499.1503892298210 0.3505343201913 0.9365498867482 0.3742825931124 
499.5869530305680 0.3475903369710 0.9376464992972 0.3707050975304 
503.1233930054080 0.3446429231745 0.9387338576539 0.3671359250170 
504.7385745827950 0.3416921078915 0.9398119510863 0.3635749763519 
501.8457470549350 0.3387379202453 0.9408807689542 0.3600221530958 
500.9914630166190 0.3357803893926 0.9419403007088 0.3564773575777 
499.4850062808470 0.3328195445230 0.9429905358929 0.3529404928840 
501.5424794889640 0.3298554148589 0.9440314641411 0.3494114628467 
495.6003545491030 0.3268880296549 0.9450630751798 0.3458901720319 
504.8515690685820 0.3239174181981 0.9460853588275 0.3423765257287 
499.0326839394980 0.3209436098072 0.9470983049947 0.3388704299381 
497.1087416096080 0.3179666338324 0.9481019036840 0.3353717913622 
502.8773635549130 0.3149865196553 0.9490961449903 0.3318805173932 
499.1922744840830 0.3120032966884 0.9500810191008 0.3283965161031 
502.5281567764860 0.3090169943749 0.9510565162952 0.3249196962329 
503.3966896022400 0.3060276421885 0.9520226269457 0.3214499671823 
497.7184305387320 0.3030352696328 0.9529793415172 0.3179872389997 
501.5547004806190 0.3000399062413 0.9539266505674 0.3145314223717 
500.3110358956070 0.2970415815770 0.9548645447466 0.3110824286138 
496.9629867616330 0.2940403252323 0.9557930147983 0.3076401696599 
496.2362138808290 0.2910361668283 0.9567120515588 0.3042045580528 
495.1626498554520 0.2880291360148 0.9576216459576 0.3007755069349 
501.1474613457970 0.2850192624700 0.9585217890174 0.2973529300384 
496.1180501373980 0.2820065759001 0.9594124718540 0.2939367416760 
503.4669985467440 0.2789911060392 0.9602936856769 0.2905268567319 
497.6819343854170 0.2759728826487 0.9611654217889 0.2871231906524 
504.9112691486500 0.2729519355173 0.9620276715861 0.2837256594369 
502.0860993881370 0.2699282944605 0.9628804265586 0.2803341796294 
502.8044408018770 0.2669019893204 0.9637236782900 0.2769486683091 
498.8361029494320 0.2638730499654 0.9645574184578 0.2735690430822 
501.1121706850140 0.2608415062899 0.9653816388333 0.2701952220731 
504.2973660958230 0.2578073882141 0.9661963312817 0.2668271239160 
495.1668654839030 0.2547707256834 0.9670014877624 0.2634646677462 
505.6967988553400 0.2517315486685 0.9677971003289 0.2601077731923 
499.4406923817730 0.2486898871649 0.9685831611286 0.2567563603677 
498.3463274126110 0.2456457711924 0.9693596624036 0.2534103498626 
498.2993920107760 0.2425992307954 0.9701265964901 0.2500696627359 
504.2804765092150 0.2395502960419 0.9708839558187 0.2467342205072 
499.4788707942830 0.2364989970237 0.9716317329147 0.2434039451493 
499.0295056293150 0.2334453638559 0.9723699203977 0.2400787590801 
494.8755579703320 0.2303894266766 0.9730985109821 0.2367585851550 
500.7214819088390 0.2273312156466 0.9738174974771 0.2334433466595 
496.6570685277350 0.2242707609494 0.9745268727866 0.2301329673015 
503.5742763352040 0.2212080927902 0.9752266299092 0.2268273712038 
501.0865306033160 0.2181432413965 0.9759167619387 0.2235264828971 
498.9984915499080 0.2150762370171 0.9765972620638 0.2202302273125 
498.2881200914570 0.2120071099221 0.9772681235682 0.2169385297742 
502.6506714076220 0.2089358904024 0.9779293398307 0.2136513159924 
502.3025456729570 0.2058626087699 0.9785809043255 0.2103685120565 
495.8765334168000 0.2027872953565 0.9792228106218 0.2070900444279 
496.8274956428540 0.1997099805144 0.9798550523842 0.2038158399331 
498.2389882397410 0.1966306946154 0.9804776233729 0.2005458257568 
498.8485615019750 0.1935494680509 0.9810905174433 0.1972799294353 
502.8112664620970 0.1904663312312 0.9816937285464 0.1940180788495 
503.4323300626940 0.1873813145857 0.9822872507287 0.1907602022186 
498.5378393831230 0.1842944485623 0.9828710781324 0.1875062280930 
496.2464735378300 0.1812057636271 0.9834452049953 0.1842560853484 
503.9528583039540 0.1781152902642 0.9840096256511 0.1810097031788 
502.2657972035800 0.1750230589753 0.9845643345292 0.1777670110902 
498.5152549745290 0.1719291002794 0.9851093261548 0.1745279388944 
501.9168000446110 0.1688334447127 0.9856445951490 0.1712924167024 
495.8987846381080 0.1657361228281 0.9861701362290 0.1680603749185 
504.0732127234360 0.1626371651949 0.9866859442079 0.1648317442339 
500.0303054351420 0.1595366023985 0.9871920139948 0.1616064556204 
505.6413788772000 0.1564344650402 0.9876883405951 0.1583844403245 
494.0897810746830 0.1533307837370 0.9881749191103 0.1551656298614 
499.9724760046370 0.1502255891208 0.9886517447379 0.1519499560086 
501.9304685101280 0.1471189118386 0.9891188127720 0.1487373508005 
505.4084671747500 0.1440107825523 0.9895761186027 0.1455277465220 
494.1971069491460 0.1409012319376 0.9900236577166 0.1423210757029 
497.7669669960590 0.1377902906846 0.9904614256967 0.1391172711120 
494.7689522890440 0.1346779894972 0.9908894182223 0.1359162657512 
497.8915040380450 0.1315643590923 0.9913076310695 0.1327179928498 
499.6632303206920 0.1284494302003 0.9917160601106 0.1295223858591 
499.6973289360910 0.1253332335643 0.9921147013145 0.1263293784461 
494.2140375981110 0.1222157999399 0.9925035507468 0.1231389044885 
495.3364810586770 0.1190971600949 0.9928826045698 0.1199508980686 
498.1347196985510 0.1159773448090 0.9932518590423 0.1167652934682 
504.3180080616870 0.1128563848735 0.9936113105200 0.1135820251628 
504.7839556971180 0.1097343110910 0.9939609554552 0.1104010278158 
502.5926263770650 0.1066111542753 0.9943007903970 0.1072222362739 
498.8212298221850 0.1034869452504 0.9946308119914 0.1040455855608 
505.7322740083130 0.1003617148512 0.9949510169813 0.1008710108722 
495.1475788794350 0.0972354939224 0.9952614022063 0.0976984475705 
502.0942655853030 0.0941083133185 0.9955619646031 0.0945278311793 
497.1932429914930 0.0909802039036 0.9958527012052 0.0913590973780 
501.5782473704750 0.0878511965507 0.9961336091432 0.0881921819969 
497.3390492170940 0.0847213221421 0.9964046856446 0.0850270210113 
505.1366523553960 0.0815906115682 0.9966659280340 0.0818635505370 
503.4375939605290 0.0784590957278 0.9969173337331 0.0787017068246 
503.0661717377520 0.0753268055279 0.9971589002606 0.0755414262544 
501.8768243009280 0.0721937718829 0.9973906252323 0.0723826453312 
502.6222025508260 0.0690600257144 0.9976125063612 0.0692253006794 
494.9155980535770 0.0659255979514 0.9978245414574 0.0660693290376 
500.7000993614130 0.0627905195293 0.9980267284283 0.0629146672537 
497.8172602524490 0.0596548213902 0.9982190652782 0.0597612522794 
498.7932692259640 0.0565185344820 0.9984015501090 0.0566090211657 
494.4050641797390 0.0533816897588 0.9985741811195 0.0534579110577 
496.5919402711350 0.0502443181798 0.9987369566060 0.0503078591890 
505.0245464201200 0.0471064507096 0.9988898749620 0.0471588028775 
505.4466508907590 0.0439681183179 0.9990329346781 0.0440106795198 
503.6995045134830 0.0408293519785 0.9991661343425 0.0408634265866 
505.7599242346220 0.0376901826699 0.9992894726406 0.0377169816173 
502.9834165783700 0.0345506413745 0.9994029483550 0.0345712822154 
494.0446781572880 0.0314107590781 0.9995065603657 0.0314262660434 
501.3145182225670 0.0282705667703 0.9996003076503 0.0282818708177 
505.6668389332130 0.0251300954433 0.9996841892833 0.0251380343040 
500.7121618344460 0.0219893760925 0.9997582044370 0.0219946943120 
500.3142484878340 0.0188484397154 0.9998223523808 0.0188517886908 
498.1586547668590 0.0157073173118 0.9998766324817 0.0157092553237 
505.7181045955580 0.0125660398834 0.9999210442038 0.0125670321234 
503.4195425727890 0.0094246384331 0.9999555871090 0.0094250570272 
498.8195379979540 0.0062831439656 0.9999802608561 0.0062832679919 
502.8469320532760 0.0031415874859 0.9999950652019 0.0031416029891 
497.3961964771180 0.0000000000000 1.0000000000000 0.0000000000000 
